<?xml version="1.0" encoding="UTF-8"?>
<testsuite xmlns:xsi="http://www.w3.org/2001/XMLSchema-instance" xsi:noNamespaceSchemaLocation="https://maven.apache.org/surefire/maven-surefire-plugin/xsd/surefire-test-report-3.0.xsd" version="3.0" name="com.app.waki.WakiApplicationTests" time="12.519" tests="3" errors="0" skipped="0" failures="0">
  <properties>
[...]
</properties>
  <testcase name="verifyModularity" classname="com.app.waki.WakiApplicationTests" time="0.573">
    <system-out><![CDATA[03:33:23.921 [main] INFO org.springframework.test.context.support.AnnotationConfigContextLoaderUtils -- Could not detect default configuration classes for test class [com.app.waki.WakiApplicationTests]: WakiApplicationTests does not declare any static, non-private, non-final, nested classes annotated with @Configuration.
03:33:24.035 [main] INFO org.springframework.boot.test.context.SpringBootTestContextBootstrapper -- Found @SpringBootConfiguration com.app.waki.WakiApplication for test class com.app.waki.WakiApplicationTests
03:33:24.189 [main] INFO com.tngtech.archunit.core.PluginLoader -- Detected Java version 21.0.4
03:33:26.134 [main] INFO org.springframework.boot.devtools.restart.RestartApplicationListener -- Restart disabled due to context in which it is running

  .   ____          _            __ _ _
 /\\ / ___'_ __ _ _(_)_ __  __ _ \ \ \ \
( ( )\___ | '_ | '_| | '_ \/ _` | \ \ \ \
 \\/  ___)| |_)| | | | | || (_| |  ) ) ) )
  '  |____| .__|_| |_|_| |_\__, | / / / /
 =========|_|==============|___/=/_/_/_/

 :: Spring Boot ::                (v3.3.4)

2024-10-09T03:33:26.438-03:00  INFO 5264 --- [waki] [           main] [                                                 ] com.app.waki.WakiApplicationTests        : Starting WakiApplicationTests using Java 21.0.4 with PID 5264 (started by Cristian in F:\Cosas\Programas\Java\h2-02-ft-java-react\backend)
2024-10-09T03:33:26.440-03:00  INFO 5264 --- [waki] [           main] [                                                 ] com.app.waki.WakiApplicationTests        : No active profile set, falling back to 1 default profile: "default"
2024-10-09T03:33:27.509-03:00  INFO 5264 --- [waki] [           main] [                                                 ] .s.d.r.c.RepositoryConfigurationDelegate : Bootstrapping Spring Data JPA repositories in DEFAULT mode.
2024-10-09T03:33:27.568-03:00  INFO 5264 --- [waki] [           main] [                                                 ] .s.d.r.c.RepositoryConfigurationDelegate : Finished Spring Data repository scanning in 51 ms. Found 1 JPA repository interface.
2024-10-09T03:33:28.352-03:00  INFO 5264 --- [waki] [           main] [                                                 ] o.hibernate.jpa.internal.util.LogHelper  : HHH000204: Processing PersistenceUnitInfo [name: default]
2024-10-09T03:33:28.423-03:00  INFO 5264 --- [waki] [           main] [                                                 ] org.hibernate.Version                    : HHH000412: Hibernate ORM core version 6.5.3.Final
2024-10-09T03:33:28.461-03:00  INFO 5264 --- [waki] [           main] [                                                 ] o.h.c.internal.RegionFactoryInitiator    : HHH000026: Second-level cache disabled
2024-10-09T03:33:28.793-03:00  INFO 5264 --- [waki] [           main] [                                                 ] o.s.o.j.p.SpringPersistenceUnitInfo      : No LoadTimeWeaver setup: ignoring JPA class transformer
2024-10-09T03:33:28.826-03:00  INFO 5264 --- [waki] [           main] [                                                 ] com.zaxxer.hikari.HikariDataSource       : HikariPool-1 - Starting...
2024-10-09T03:33:31.421-03:00  INFO 5264 --- [waki] [           main] [                                                 ] com.zaxxer.hikari.pool.HikariPool        : HikariPool-1 - Added connection com.mysql.cj.jdbc.ConnectionImpl@68e1f0a1
2024-10-09T03:33:31.423-03:00  INFO 5264 --- [waki] [           main] [                                                 ] com.zaxxer.hikari.HikariDataSource       : HikariPool-1 - Start completed.
2024-10-09T03:33:31.818-03:00  WARN 5264 --- [waki] [           main] [                                                 ] org.hibernate.orm.deprecation            : HHH90000025: MySQLDialect does not need to be specified explicitly using 'hibernate.dialect' (remove the property setting and it will be selected by default)
2024-10-09T03:33:32.636-03:00  INFO 5264 --- [waki] [           main] [                                                 ] o.h.e.t.j.p.i.JtaPlatformInitiator       : HHH000489: No JTA platform available (set 'hibernate.transaction.jta.platform' to enable JTA platform integration)
2024-10-09T03:33:33.226-03:00  INFO 5264 --- [waki] [           main] [                                                 ] j.LocalContainerEntityManagerFactoryBean : Initialized JPA EntityManagerFactory for persistence unit 'default'
2024-10-09T03:33:33.713-03:00  INFO 5264 --- [waki] [           main] [                                                 ] eAuthenticationProviderManagerConfigurer : Global AuthenticationManager configured with AuthenticationProvider bean with name authenticationProvider
2024-10-09T03:33:33.714-03:00  WARN 5264 --- [waki] [           main] [                                                 ] r$InitializeUserDetailsManagerConfigurer : Global AuthenticationManager configured with an AuthenticationProvider bean. UserDetailsService beans will not be used for username/password login. Consider removing the AuthenticationProvider bean. Alternatively, consider using the UserDetailsService in a manually instantiated DaoAuthenticationProvider.
2024-10-09T03:33:33.910-03:00  WARN 5264 --- [waki] [           main] [                                                 ] JpaBaseConfiguration$JpaWebConfiguration : spring.jpa.open-in-view is enabled by default. Therefore, database queries may be performed during view rendering. Explicitly configure spring.jpa.open-in-view to disable this warning
2024-10-09T03:33:34.505-03:00  INFO 5264 --- [waki] [           main] [                                                 ] o.s.b.a.e.web.EndpointLinksResolver      : Exposing 1 endpoint beneath base path '/actuator'
2024-10-09T03:33:34.572-03:00 DEBUG 5264 --- [waki] [           main] [                                                 ] o.s.s.web.DefaultSecurityFilterChain     : Will secure any request with filters: DisableEncodeUrlFilter, WebAsyncManagerIntegrationFilter, SecurityContextHolderFilter, HeaderWriterFilter, LogoutFilter, JwtAuthenticationFilter, RequestCacheAwareFilter, SecurityContextHolderAwareRequestFilter, AnonymousAuthenticationFilter, SessionManagementFilter, ExceptionTranslationFilter, AuthorizationFilter
2024-10-09T03:33:35.300-03:00  INFO 5264 --- [waki] [           main] [                                                 ] o.s.s.config.TaskSchedulerRouter         : No TaskScheduler/ScheduledExecutorService bean found for scheduled processing
2024-10-09T03:33:35.306-03:00  INFO 5264 --- [waki] [           main] [                                                 ] com.app.waki.WakiApplicationTests        : Started WakiApplicationTests in 9.183 seconds (process running for 12.192)
# Swagger
> Logical name: swagger
> Base package: com.app.waki.swagger
> Spring beans:
  + ….OpenApiConfiguration
  o io.swagger.v3.oas.models.OpenAPI

# User
> Logical name: user
> Base package: com.app.waki.user
> Spring beans:
  o ….application.GlobalHandlerException
  o ….application.UserServiceImpl
  o ….infrastructure.AuthConfig
  o ….infrastructure.JpaUserDataRepository
  o ….infrastructure.JpaUserRepository
  o ….infrastructure.JwtAuthenticationFilter
  o ….infrastructure.JwtService
  o ….infrastructure.SecretKeyConfig
  o ….infrastructure.SecurityConfig
  o ….infrastructure.UserController
  o org.springframework.security.authentication.AuthenticationManager
  o org.springframework.security.authentication.AuthenticationProvider
  o org.springframework.security.core.userdetails.UserDetailsService
  o org.springframework.security.crypto.password.PasswordEncoder
  o org.springframework.security.web.SecurityFilterChain

# Prediction
> Logical name: prediction
> Base package: com.app.waki.prediction
> Spring beans: none

# Match
> Logical name: match
> Base package: com.app.waki.match
> Spring beans: none

# Profile
> Logical name: profile
> Base package: com.app.waki.profile
> Spring beans: none

# Notification
> Logical name: notification
> Base package: com.app.waki.notification
> Spring beans: none

# Market
> Logical name: market
> Base package: com.app.waki.market
> Spring beans: none

# Division
> Logical name: division
> Base package: com.app.waki.division
> Spring beans: none

]]></system-out>
    <system-err><![CDATA[WARNING: A Java agent has been loaded dynamically (C:\Users\Cristian\.m2\repository\net\bytebuddy\byte-buddy-agent\1.14.19\byte-buddy-agent-1.14.19.jar)
WARNING: If a serviceability tool is in use, please run with -XX:+EnableDynamicAgentLoading to hide this warning
WARNING: If a serviceability tool is not in use, please run with -Djdk.instrument.traceUsage for more information
WARNING: Dynamic loading of agents will be disallowed by default in a future release
]]></system-err>
  </testcase>
  <testcase name="createModuleDocumentation" classname="com.app.waki.WakiApplicationTests" time="0.237"/>
  <testcase name="contextLoads" classname="com.app.waki.WakiApplicationTests" time="0.003"/>
</testsuite>