<?xml version="1.0" encoding="UTF-8"?>
<testsuite xmlns:xsi="http://www.w3.org/2001/XMLSchema-instance" xsi:noNamespaceSchemaLocation="https://maven.apache.org/surefire/maven-surefire-plugin/xsd/surefire-test-report-3.0.xsd" version="3.0" name="com.app.waki.WakiApplicationTests" time="24.294" tests="3" errors="0" skipped="0" failures="0">
  <properties>
[...]
</properties>
  <testcase name="verifyModularity" classname="com.app.waki.WakiApplicationTests" time="0.726">
    <system-out><![CDATA[20:21:15.125 [main] INFO org.springframework.test.context.support.AnnotationConfigContextLoaderUtils -- Could not detect default configuration classes for test class [com.app.waki.WakiApplicationTests]: WakiApplicationTests does not declare any static, non-private, non-final, nested classes annotated with @Configuration.
20:21:15.283 [main] INFO org.springframework.boot.test.context.SpringBootTestContextBootstrapper -- Found @SpringBootConfiguration com.app.waki.WakiApplication for test class com.app.waki.WakiApplicationTests
20:21:15.462 [main] INFO com.tngtech.archunit.core.PluginLoader -- Detected Java version 22.0.2
20:21:18.382 [main] INFO org.springframework.boot.devtools.restart.RestartApplicationListener -- Restart disabled due to context in which it is running

  .   ____          _            __ _ _
 /\\ / ___'_ __ _ _(_)_ __  __ _ \ \ \ \
( ( )\___ | '_ | '_| | '_ \/ _` | \ \ \ \
 \\/  ___)| |_)| | | | | || (_| |  ) ) ) )
  '  |____| .__|_| |_|_| |_\__, | / / / /
 =========|_|==============|___/=/_/_/_/

 :: Spring Boot ::                (v3.3.4)

2024-11-14T20:21:18.635-03:00  INFO 7816 --- [waki] [           main] [                                                 ] com.app.waki.WakiApplicationTests        : Starting WakiApplicationTests using Java 22.0.2 with PID 7816 (started by Cristian in F:\h2-02-ft-java-react\backend)
2024-11-14T20:21:18.638-03:00  INFO 7816 --- [waki] [           main] [                                                 ] com.app.waki.WakiApplicationTests        : No active profile set, falling back to 1 default profile: "default"
2024-11-14T20:21:19.798-03:00  INFO 7816 --- [waki] [           main] [                                                 ] .s.d.r.c.RepositoryConfigurationDelegate : Bootstrapping Spring Data JPA repositories in DEFAULT mode.
2024-11-14T20:21:19.927-03:00  INFO 7816 --- [waki] [           main] [                                                 ] .s.d.r.c.RepositoryConfigurationDelegate : Finished Spring Data repository scanning in 120 ms. Found 11 JPA repository interfaces.
2024-11-14T20:21:20.776-03:00  INFO 7816 --- [waki] [           main] [                                                 ] o.hibernate.jpa.internal.util.LogHelper  : HHH000204: Processing PersistenceUnitInfo [name: default]
2024-11-14T20:21:20.838-03:00  INFO 7816 --- [waki] [           main] [                                                 ] org.hibernate.Version                    : HHH000412: Hibernate ORM core version 6.5.3.Final
2024-11-14T20:21:20.873-03:00  INFO 7816 --- [waki] [           main] [                                                 ] o.h.c.internal.RegionFactoryInitiator    : HHH000026: Second-level cache disabled
2024-11-14T20:21:21.218-03:00  INFO 7816 --- [waki] [           main] [                                                 ] o.s.o.j.p.SpringPersistenceUnitInfo      : No LoadTimeWeaver setup: ignoring JPA class transformer
2024-11-14T20:21:21.247-03:00  INFO 7816 --- [waki] [           main] [                                                 ] com.zaxxer.hikari.HikariDataSource       : HikariPool-1 - Starting...
2024-11-14T20:21:23.894-03:00  INFO 7816 --- [waki] [           main] [                                                 ] com.zaxxer.hikari.pool.HikariPool        : HikariPool-1 - Added connection com.mysql.cj.jdbc.ConnectionImpl@2d976e51
2024-11-14T20:21:23.896-03:00  INFO 7816 --- [waki] [           main] [                                                 ] com.zaxxer.hikari.HikariDataSource       : HikariPool-1 - Start completed.
2024-11-14T20:21:24.278-03:00  WARN 7816 --- [waki] [           main] [                                                 ] org.hibernate.orm.deprecation            : HHH90000025: MySQLDialect does not need to be specified explicitly using 'hibernate.dialect' (remove the property setting and it will be selected by default)
2024-11-14T20:21:25.757-03:00  INFO 7816 --- [waki] [           main] [                                                 ] o.h.e.t.j.p.i.JtaPlatformInitiator       : HHH000489: No JTA platform available (set 'hibernate.transaction.jta.platform' to enable JTA platform integration)
2024-11-14T20:21:25.953-03:00  INFO 7816 --- [waki] [           main] [                                                 ] org.hibernate.orm.connections.access     : HHH10001501: Connection obtained from JdbcConnectionAccess [org.hibernate.engine.jdbc.env.internal.JdbcEnvironmentInitiator$ConnectionProviderJdbcConnectionAccess@4f017ca1] for (non-JTA) DDL execution was not in auto-commit mode; the Connection 'local transaction' will be committed and the Connection will be set into auto-commit mode.
Hibernate: 
    alter table event_publication 
       modify column serialized_event varchar(255)
2024-11-14T20:21:31.870-03:00  INFO 7816 --- [waki] [           main] [                                                 ] j.LocalContainerEntityManagerFactoryBean : Initialized JPA EntityManagerFactory for persistence unit 'default'
2024-11-14T20:21:32.248-03:00  INFO 7816 --- [waki] [           main] [                                                 ] o.s.d.j.r.query.QueryEnhancerFactory     : Hibernate is in classpath; If applicable, HQL parser will be used.
2024-11-14T20:21:33.382-03:00  INFO 7816 --- [waki] [           main] [                                                 ] eAuthenticationProviderManagerConfigurer : Global AuthenticationManager configured with AuthenticationProvider bean with name authenticationProvider
2024-11-14T20:21:33.383-03:00  WARN 7816 --- [waki] [           main] [                                                 ] r$InitializeUserDetailsManagerConfigurer : Global AuthenticationManager configured with an AuthenticationProvider bean. UserDetailsService beans will not be used for username/password login. Consider removing the AuthenticationProvider bean. Alternatively, consider using the UserDetailsService in a manually instantiated DaoAuthenticationProvider.
2024-11-14T20:21:34.218-03:00  INFO 7816 --- [waki] [           main] [                                                 ] o.s.b.a.e.web.EndpointLinksResolver      : Exposing 1 endpoint beneath base path '/actuator'
2024-11-14T20:21:34.285-03:00 DEBUG 7816 --- [waki] [           main] [                                                 ] o.s.s.web.DefaultSecurityFilterChain     : Will secure any request with filters: DisableEncodeUrlFilter, WebAsyncManagerIntegrationFilter, SecurityContextHolderFilter, HeaderWriterFilter, CorsFilter, LogoutFilter, JwtAuthenticationFilter, RequestCacheAwareFilter, SecurityContextHolderAwareRequestFilter, AnonymousAuthenticationFilter, SessionManagementFilter, ExceptionTranslationFilter, AuthorizationFilter
Hibernate: 
    select
        jep1_0.id,
        jep1_0.completion_date,
        jep1_0.event_type,
        jep1_0.listener_id,
        jep1_0.publication_date,
        jep1_0.serialized_event 
    from
        event_publication jep1_0 
    where
        jep1_0.completion_date is null 
    order by
        jep1_0.publication_date
2024-11-14T20:21:36.048-03:00  INFO 7816 --- [waki] [           main] [                                                 ] com.app.waki.WakiApplicationTests        : Started WakiApplicationTests in 17.676 seconds (process running for 21.763)
Hibernate: 
    select
        count(*) 
    from
        division d1_0
2024-11-14T20:21:36.317-03:00  INFO 7816 --- [waki] [           main] [                                                 ] c.a.w.d.application.DivisionInitializer  : Divisions already initialized, skipping...
Hibernate: 
    select
        d1_0.division_id,
        d1_0.division,
        d1_0.version 
    from
        division d1_0 
    where
        d1_0.division=?
Hibernate: 
    select
        r1_0.division_id,
        r1_0.user_id,
        r1_0.division_level,
        r1_0.points,
        r1_0.position,
        r1_0.username,
        r1_0.version 
    from
        user_ranking r1_0 
    where
        r1_0.division_id=?
2024-11-14T20:21:36.918-03:00  INFO 7816 --- [waki] [           main] [                                                 ] c.a.w.d.a.UserRankingInitializer         : Users already exist in LIMBO division, skipping initialization...
# Common
> Logical name: common
> Base package: com.app.waki.common
> Named interfaces:
  + NamedInterface: name=<<UNNAMED>>, types=[]
  + NamedInterface: name=config, types=[ c.a.w.c.c.CorsConfig, c.a.w.c.c.CorsDeployBackUrl, c.a.w.c.c.CorsDeployFrontUrl, c.a.w.c.c.CorsLocalFrontUrl, c.a.w.c.c.DatabaseInitializer ]
  + NamedInterface: name=events, types=[ c.a.w.c.e.CorrectPredictionEvent, c.a.w.c.e.CreatePredictionEvent, c.a.w.c.e.CreatePredictionRequestEvent, c.a.w.c.e.EstablishedPredictionEvent, c.a.w.c.e.FinishCorrectPredictionEvent, c.a.w.c.e.FinishFailedPredictionEvent, c.a.w.c.e.FinishedMatchEvent, c.a.w.c.e.ProfilePointsBatchEvent, c.a.w.c.e.ProfilePointsData, c.a.w.c.e.UserCreatedEvent ]
  + NamedInterface: name=exceptions, types=[ c.a.w.c.e.ConcurrencyException, c.a.w.c.e.EmailNotAvailableException, c.a.w.c.e.EntityNotFoundException, c.a.w.c.e.GlobalHandlerException, c.a.w.c.e.InsufficientPredictionsException, c.a.w.c.e.ValidationException ]
> Spring beans:
  + ….config.CorsDeployBackUrl
  + ….config.CorsDeployFrontUrl
  + ….config.CorsLocalFrontUrl
  + ….config.DatabaseInitializer
  + ….exceptions.GlobalHandlerException

# Match
> Logical name: match
> Base package: com.app.waki.match
> Named interfaces:
  + NamedInterface: name=<<UNNAMED>>, types=[]
  + NamedInterface: name=match-events, types=[ c.a.w.m.m.MatchFinalizedEvent, c.a.w.m.m.MatchResultDto, c.a.w.m.m.MatchTestController ]
> Spring beans:
  o ….application.servicesImpl.FixtureServiceImpl
  o ….application.servicesImpl.LeagueServiceImpl
  o ….application.servicesImpl.OddsServiceImpl
  o ….application.servicesImpl.StandingServiceImpl
  o ….domain.fixture.FixtureRepository
  o ….domain.league.LeagueRepository
  o ….domain.odds.OddsRepository
  o ….domain.standings.StandingRepository
  o ….infrastructure.ApIKeyConfig
  o ….infrastructure.FixtureController
  o ….infrastructure.LeagueController
  o ….infrastructure.OddController
  o ….infrastructure.StandingController
  + ….matchtest.MatchTestController

# Swagger
> Logical name: swagger
> Base package: com.app.waki.swagger
> Spring beans:
  + ….OpenApiConfiguration
  o io.swagger.v3.oas.models.OpenAPI

# User
> Logical name: user
> Base package: com.app.waki.user
> Spring beans:
  o ….application.service.impl.UserServiceImpl
  o ….infrastructure.controller.UserController
  o ….infrastructure.jpa.JpaUserDataRepository
  o ….infrastructure.jpa.JpaUserRepositoryImpl
  o ….infrastructure.security.AuthConfig
  o ….infrastructure.security.JwtAuthenticationFilter
  o ….infrastructure.security.JwtService
  o ….infrastructure.security.SecretKeyConfig
  o ….infrastructure.security.SecurityConfig
  o org.springframework.security.authentication.AuthenticationManager
  o org.springframework.security.authentication.AuthenticationProvider
  o org.springframework.security.core.userdetails.UserDetailsService
  o org.springframework.security.crypto.password.PasswordEncoder
  o org.springframework.security.web.SecurityFilterChain
  o org.springframework.web.cors.CorsConfigurationSource

# Prediction
> Logical name: prediction
> Base package: com.app.waki.prediction
> Spring beans:
  o ….application.service.impl.PredictionServiceImpl
  o ….infrastructure.controller.PredictionController
  o ….infrastructure.jpa.JpaPredictionDataRepository
  o ….infrastructure.jpa.JpaPredictionRepositoryImpl

# Profile
> Logical name: profile
> Base package: com.app.waki.profile
> Spring beans:
  o ….application.service.ProfileBatchService
  o ….application.service.impl.ProfileServiceImpl
  o ….infrastructure.controller.ProfileController
  o ….infrastructure.jpa.JpaProfileDataRepository
  o ….infrastructure.jpa.JpaProfileRepositoryImpl

# Players
> Logical name: players
> Base package: com.app.waki.players
> Spring beans:
  o ….application.servicesImpl.PlayerServiceImpl
  o ….application.servicesImpl.TrophieServiceImpl
  o ….domain.player.PlayerRepository
  o ….domain.trophies.TrophieRepository
  o ….infrastructure.PlayerController
  o ….infrastructure.TrophieController

# Notification
> Logical name: notification
> Base package: com.app.waki.notification
> Spring beans:
  o ….application.NotificationServiceImpl
  o ….infrastructure.NotificationController
  o ….infrastructure.jpa.JpaNotificationDataRepository
  o ….infrastructure.jpa.JpaNotificationRepositoryImpl

# Division
> Logical name: division
> Base package: com.app.waki.division
> Spring beans:
  o ….application.DivisionInitializer
  o ….application.DivisionRecalculationService
  o ….application.DivisionServiceImpl
  o ….application.ProfilePointsBatchListener
  o ….application.UserRankingInitializer
  o ….infrastructure.controller.DivisionController
  o ….infrastructure.jpa.JpaDivisionDataRepository
  o ….infrastructure.jpa.JpaDivisionRepositoryImpl

# Market
> Logical name: market
> Base package: com.app.waki.market
> Spring beans: none

]]></system-out>
    <system-err><![CDATA[WARNING: A Java agent has been loaded dynamically (C:\Users\Cristian\.m2\repository\net\bytebuddy\byte-buddy-agent\1.14.19\byte-buddy-agent-1.14.19.jar)
WARNING: If a serviceability tool is in use, please run with -XX:+EnableDynamicAgentLoading to hide this warning
WARNING: If a serviceability tool is not in use, please run with -Djdk.instrument.traceUsage for more information
WARNING: Dynamic loading of agents will be disallowed by default in a future release
]]></system-err>
  </testcase>
  <testcase name="createModuleDocumentation" classname="com.app.waki.WakiApplicationTests" time="0.835"/>
  <testcase name="contextLoads" classname="com.app.waki.WakiApplicationTests" time="0.003"/>
</testsuite>